<?xml version="1.0" encoding="UTF-8"?>
<!-- Generated by org.testng.reporters.JUnitXMLReporter -->
<testsuite ignored="0" hostname="LAPTOP-9458V6EN" failures="0" tests="5" name="Test" time="0.031" errors="0" timestamp="2020-10-20T14:28:31 IST">
  <testcase classname="Automation.maven2.DebtorTest" name="AddDebtor" time="0.0"/>
  <testcase classname="Automation.maven2.SellerTest" name="SellerApproval" time="0.0"/>
  <testcase classname="Automation.maven2.SellerTest" name="SellerEnrollment" time="0.0"/>
  <testcase classname="Automation.maven2.InvoiceTest" name="PrintInvoice" time="0.0"/>
  <testcase classname="Automation.maven2.InvoiceTest" name="SelectInvoice" time="0.0"/>
</testsuite> <!-- Test -->
