<?xml version="1.0" encoding="UTF-8"?>
<testng-results ignored="0" total="5" passed="5" failed="0" skipped="0">
  <reporter-output>
  </reporter-output>
  <suite started-at="2020-10-20T14:28:31 IST" name="Suite" finished-at="2020-10-20T14:28:31 IST" duration-ms="31">
    <groups>
    </groups>
    <test started-at="2020-10-20T14:28:31 IST" name="Test" finished-at="2020-10-20T14:28:31 IST" duration-ms="31">
      <class name="Automation.maven2.InvoiceTest">
        <test-method signature="PrintInvoice()[pri:0, instance:Automation.maven2.InvoiceTest@4c309d4d]" started-at="2020-10-20T14:28:31 IST" name="PrintInvoice" finished-at="2020-10-20T14:28:31 IST" duration-ms="0" status="PASS">
          <reporter-output>
          </reporter-output>
        </test-method> <!-- PrintInvoice -->
        <test-method signature="SelectInvoice()[pri:0, instance:Automation.maven2.InvoiceTest@4c309d4d]" started-at="2020-10-20T14:28:31 IST" name="SelectInvoice" finished-at="2020-10-20T14:28:31 IST" duration-ms="0" status="PASS">
          <reporter-output>
          </reporter-output>
        </test-method> <!-- SelectInvoice -->
      </class> <!-- Automation.maven2.InvoiceTest -->
      <class name="Automation.maven2.SellerTest">
        <test-method signature="SellerEnrollment()[pri:0, instance:Automation.maven2.SellerTest@ed7f8b4]" started-at="2020-10-20T14:28:31 IST" name="SellerEnrollment" finished-at="2020-10-20T14:28:31 IST" duration-ms="0" status="PASS">
          <reporter-output>
          </reporter-output>
        </test-method> <!-- SellerEnrollment -->
        <test-method signature="SellerApproval()[pri:0, instance:Automation.maven2.SellerTest@ed7f8b4]" started-at="2020-10-20T14:28:31 IST" name="SellerApproval" finished-at="2020-10-20T14:28:31 IST" duration-ms="0" status="PASS">
          <reporter-output>
          </reporter-output>
        </test-method> <!-- SellerApproval -->
      </class> <!-- Automation.maven2.SellerTest -->
      <class name="Automation.maven2.DebtorTest">
        <test-method signature="AddDebtor()[pri:0, instance:Automation.maven2.DebtorTest@37271612]" started-at="2020-10-20T14:28:31 IST" name="AddDebtor" finished-at="2020-10-20T14:28:31 IST" duration-ms="0" status="PASS">
          <reporter-output>
          </reporter-output>
        </test-method> <!-- AddDebtor -->
      </class> <!-- Automation.maven2.DebtorTest -->
    </test> <!-- Test -->
  </suite> <!-- Suite -->
</testng-results>
