<?xml version="1.0" encoding="UTF-8"?>
<testsuite xmlns:xsi="http://www.w3.org/2001/XMLSchema-instance" xsi:noNamespaceSchemaLocation="https://maven.apache.org/surefire/maven-surefire-plugin/xsd/surefire-test-report-3.0.xsd" version="3.0" name="TestSuite" time="0.438" tests="5" errors="0" skipped="0" failures="0">
  <properties>
[...]
</properties>
  <testcase name="AddDebtor" classname="Automation.maven2.DebtorTest" time="0">
    <system-out><![CDATA[Add Debtor
]]></system-out>
  </testcase>
  <testcase name="SellerApproval" classname="Automation.maven2.SellerTest" time="0">
    <system-out><![CDATA[Seller approved
]]></system-out>
  </testcase>
  <testcase name="SellerEnrollment" classname="Automation.maven2.SellerTest" time="0">
    <system-out><![CDATA[Enroll Seller
]]></system-out>
  </testcase>
  <testcase name="PrintInvoice" classname="Automation.maven2.InvoiceTest" time="0">
    <system-out><![CDATA[Print single and multiple invoices
]]></system-out>
  </testcase>
  <testcase name="SelectInvoice" classname="Automation.maven2.InvoiceTest" time="0">
    <system-out><![CDATA[Select invoice which you want to offer
]]></system-out>
  </testcase>
</testsuite>